<!DOCTYPE html>
<html>
<head>
<meta http-equiv="Content-Type" content="text/html; charset=utf-8"/>
<meta http-equiv="x-ua-compatible" content="IE=edge"/>
<title>Test results - HelloServiceTest</title>
<link href="../css/base-style.css" rel="stylesheet" type="text/css"/>
<link href="../css/style.css" rel="stylesheet" type="text/css"/>
<script src="../js/report.js" type="text/javascript"></script>
</head>
<body>
<div id="content">
<h1>HelloServiceTest</h1>
<div class="breadcrumbs">
<a href="../index.html">all</a> &gt; 
<a href="../packages/example.armeria.grpc.html">example.armeria.grpc</a> &gt; HelloServiceTest</div>
<div id="summary">
<table>
<tr>
<td>
<div class="summaryGroup">
<table>
<tr>
<td>
<div class="infoBox" id="tests">
<div class="counter">6</div>
<p>tests</p>
</div>
</td>
<td>
<div class="infoBox" id="failures">
<div class="counter">0</div>
<p>failures</p>
</div>
</td>
<td>
<div class="infoBox" id="ignored">
<div class="counter">0</div>
<p>ignored</p>
</div>
</td>
<td>
<div class="infoBox" id="duration">
<div class="counter">16.807s</div>
<p>duration</p>
</div>
</td>
</tr>
</table>
</div>
</td>
<td>
<div class="infoBox success" id="successRate">
<div class="percent">100%</div>
<p>successful</p>
</div>
</td>
</tr>
</table>
</div>
<div id="tabs">
<ul class="tabLinks">
<li>
<a href="#tab0">Tests</a>
</li>
<li>
<a href="#tab1">Standard output</a>
</li>
</ul>
<div id="tab0" class="tab">
<h2>Tests</h2>
<table>
<thead>
<tr>
<th>Test</th>
<th>Duration</th>
<th>Result</th>
</tr>
</thead>
<tr>
<td class="success">bidirectionalHello()</td>
<td class="success">0.108s</td>
<td class="success">passed</td>
</tr>
<tr>
<td class="success">blockForLotsOfReplies()</td>
<td class="success">5.118s</td>
<td class="success">passed</td>
</tr>
<tr>
<td class="success">getLotsOfReplies()</td>
<td class="success">5.414s</td>
<td class="success">passed</td>
</tr>
<tr>
<td class="success">getReplyFromServerSideBlockingCall()</td>
<td class="success">3.021s</td>
<td class="success">passed</td>
</tr>
<tr>
<td class="success">getReplyWithDelay()</td>
<td class="success">3.041s</td>
<td class="success">passed</td>
</tr>
<tr>
<td class="success">sendLotsOfGreetings()</td>
<td class="success">0.105s</td>
<td class="success">passed</td>
</tr>
</table>
</div>
<div id="tab1" class="tab">
<h2>Standard output</h2>
<span class="code">
<pre>02:24:25.601 [Test worker] DEBUG com.linecorp.armeria.common.SerializationFormat - Available SerializationFormatProviders: [GrpcSerializationFormatProvider]
02:24:25.613 [Test worker] DEBUG com.linecorp.armeria.server.grpc.GrpcServiceBuilder - io.grpc.kotlin.CoroutineContextServerInterceptor: unavailable
02:24:26.276 [Test worker] DEBUG io.netty.util.internal.logging.InternalLoggerFactory - Using SLF4J as the default logging framework
02:24:26.277 [Test worker] DEBUG io.netty.util.internal.PlatformDependent - Platform: MacOS
02:24:26.278 [Test worker] DEBUG io.netty.util.internal.PlatformDependent0 - -Dio.netty.noUnsafe: false
02:24:26.279 [Test worker] DEBUG io.netty.util.internal.PlatformDependent0 - Java version: 11
02:24:26.279 [Test worker] DEBUG io.netty.util.internal.PlatformDependent0 - sun.misc.Unsafe.theUnsafe: available
02:24:26.280 [Test worker] DEBUG io.netty.util.internal.PlatformDependent0 - sun.misc.Unsafe.copyMemory: available
02:24:26.280 [Test worker] DEBUG io.netty.util.internal.PlatformDependent0 - java.nio.Buffer.address: available
02:24:26.283 [Test worker] DEBUG io.netty.util.internal.PlatformDependent0 - direct buffer constructor: unavailable
java.lang.UnsupportedOperationException: Reflective setAccessible(true) disabled
	at io.netty.util.internal.ReflectionUtil.trySetAccessible(ReflectionUtil.java:31)
	at io.netty.util.internal.PlatformDependent0$4.run(PlatformDependent0.java:233)
	at java.base/java.security.AccessController.doPrivileged(Native Method)
	at io.netty.util.internal.PlatformDependent0.&lt;clinit&gt;(PlatformDependent0.java:227)
	at io.netty.util.internal.PlatformDependent.isAndroid(PlatformDependent.java:289)
	at io.netty.util.internal.PlatformDependent.&lt;clinit&gt;(PlatformDependent.java:92)
	at io.netty.util.AsciiString.&lt;init&gt;(AsciiString.java:223)
	at io.netty.util.AsciiString.&lt;init&gt;(AsciiString.java:210)
	at io.netty.util.AsciiString.cached(AsciiString.java:1401)
	at io.netty.util.AsciiString.&lt;clinit&gt;(AsciiString.java:48)
	at com.linecorp.armeria.common.HttpStatusClass.&lt;init&gt;(HttpStatusClass.java:103)
	at com.linecorp.armeria.common.HttpStatusClass.&lt;clinit&gt;(HttpStatusClass.java:47)
	at com.linecorp.armeria.common.HttpStatus.&lt;init&gt;(HttpStatus.java:434)
	at com.linecorp.armeria.common.HttpStatus.newConstant(HttpStatus.java:336)
	at com.linecorp.armeria.common.HttpStatus.&lt;clinit&gt;(HttpStatus.java:33)
	at com.linecorp.armeria.server.grpc.FramedGrpcService.lambda$new$0(FramedGrpcService.java:145)
	at java.base/java.util.stream.ReferencePipeline$3$1.accept(ReferencePipeline.java:195)
	at java.base/java.util.Spliterators$ArraySpliterator.forEachRemaining(Spliterators.java:948)
	at java.base/java.util.stream.AbstractPipeline.copyInto(AbstractPipeline.java:484)
	at java.base/java.util.stream.AbstractPipeline.wrapAndCopyInto(AbstractPipeline.java:474)
	at java.base/java.util.stream.ReduceOps$ReduceOp.evaluateSequential(ReduceOps.java:913)
	at java.base/java.util.stream.AbstractPipeline.evaluate(AbstractPipeline.java:234)
	at java.base/java.util.stream.ReferencePipeline.collect(ReferencePipeline.java:578)
	at com.linecorp.armeria.server.grpc.FramedGrpcService.&lt;init&gt;(FramedGrpcService.java:155)
	at com.linecorp.armeria.server.grpc.GrpcServiceBuilder.build(GrpcServiceBuilder.java:584)
	at example.armeria.grpc.Main.newServer(Main.java:47)
	at example.armeria.grpc.HelloServiceTest.beforeClass(HelloServiceTest.java:39)
	at java.base/jdk.internal.reflect.NativeMethodAccessorImpl.invoke0(Native Method)
	at java.base/jdk.internal.reflect.NativeMethodAccessorImpl.invoke(NativeMethodAccessorImpl.java:62)
	at java.base/jdk.internal.reflect.DelegatingMethodAccessorImpl.invoke(DelegatingMethodAccessorImpl.java:43)
	at java.base/java.lang.reflect.Method.invoke(Method.java:566)
	at org.junit.platform.commons.util.ReflectionUtils.invokeMethod(ReflectionUtils.java:686)
	at org.junit.jupiter.engine.execution.MethodInvocation.proceed(MethodInvocation.java:60)
	at org.junit.jupiter.engine.execution.InvocationInterceptorChain$ValidatingInvocation.proceed(InvocationInterceptorChain.java:131)
	at org.junit.jupiter.engine.extension.TimeoutExtension.intercept(TimeoutExtension.java:149)
	at org.junit.jupiter.engine.extension.TimeoutExtension.interceptLifecycleMethod(TimeoutExtension.java:126)
	at org.junit.jupiter.engine.extension.TimeoutExtension.interceptBeforeAllMethod(TimeoutExtension.java:68)
	at org.junit.jupiter.engine.execution.ExecutableInvoker$ReflectiveInterceptorCall.lambda$ofVoidMethod$0(ExecutableInvoker.java:115)
	at org.junit.jupiter.engine.execution.ExecutableInvoker.lambda$invoke$0(ExecutableInvoker.java:105)
	at org.junit.jupiter.engine.execution.InvocationInterceptorChain$InterceptedInvocation.proceed(InvocationInterceptorChain.java:106)
	at org.junit.jupiter.engine.execution.InvocationInterceptorChain.proceed(InvocationInterceptorChain.java:64)
	at org.junit.jupiter.engine.execution.InvocationInterceptorChain.chainAndInvoke(InvocationInterceptorChain.java:45)
	at org.junit.jupiter.engine.execution.InvocationInterceptorChain.invoke(InvocationInterceptorChain.java:37)
	at org.junit.jupiter.engine.execution.ExecutableInvoker.invoke(ExecutableInvoker.java:104)
	at org.junit.jupiter.engine.execution.ExecutableInvoker.invoke(ExecutableInvoker.java:98)
	at org.junit.jupiter.engine.descriptor.ClassBasedTestDescriptor.lambda$invokeBeforeAllMethods$8(ClassBasedTestDescriptor.java:375)
	at org.junit.platform.engine.support.hierarchical.ThrowableCollector.execute(ThrowableCollector.java:73)
	at org.junit.jupiter.engine.descriptor.ClassBasedTestDescriptor.invokeBeforeAllMethods(ClassBasedTestDescriptor.java:373)
	at org.junit.jupiter.engine.descriptor.ClassBasedTestDescriptor.before(ClassBasedTestDescriptor.java:193)
	at org.junit.jupiter.engine.descriptor.ClassBasedTestDescriptor.before(ClassBasedTestDescriptor.java:78)
	at org.junit.platform.engine.support.hierarchical.NodeTestTask.lambda$executeRecursively$5(NodeTestTask.java:132)
	at org.junit.platform.engine.support.hierarchical.ThrowableCollector.execute(ThrowableCollector.java:73)
	at org.junit.platform.engine.support.hierarchical.NodeTestTask.lambda$executeRecursively$7(NodeTestTask.java:125)
	at org.junit.platform.engine.support.hierarchical.Node.around(Node.java:135)
	at org.junit.platform.engine.support.hierarchical.NodeTestTask.lambda$executeRecursively$8(NodeTestTask.java:123)
	at org.junit.platform.engine.support.hierarchical.ThrowableCollector.execute(ThrowableCollector.java:73)
	at org.junit.platform.engine.support.hierarchical.NodeTestTask.executeRecursively(NodeTestTask.java:122)
	at org.junit.platform.engine.support.hierarchical.NodeTestTask.execute(NodeTestTask.java:80)
	at java.base/java.util.ArrayList.forEach(ArrayList.java:1541)
	at org.junit.platform.engine.support.hierarchical.SameThreadHierarchicalTestExecutorService.invokeAll(SameThreadHierarchicalTestExecutorService.java:38)
	at org.junit.platform.engine.support.hierarchical.NodeTestTask.lambda$executeRecursively$5(NodeTestTask.java:139)
	at org.junit.platform.engine.support.hierarchical.ThrowableCollector.execute(ThrowableCollector.java:73)
	at org.junit.platform.engine.support.hierarchical.NodeTestTask.lambda$executeRecursively$7(NodeTestTask.java:125)
	at org.junit.platform.engine.support.hierarchical.Node.around(Node.java:135)
	at org.junit.platform.engine.support.hierarchical.NodeTestTask.lambda$executeRecursively$8(NodeTestTask.java:123)
	at org.junit.platform.engine.support.hierarchical.ThrowableCollector.execute(ThrowableCollector.java:73)
	at org.junit.platform.engine.support.hierarchical.NodeTestTask.executeRecursively(NodeTestTask.java:122)
	at org.junit.platform.engine.support.hierarchical.NodeTestTask.execute(NodeTestTask.java:80)
	at org.junit.platform.engine.support.hierarchical.SameThreadHierarchicalTestExecutorService.submit(SameThreadHierarchicalTestExecutorService.java:32)
	at org.junit.platform.engine.support.hierarchical.HierarchicalTestExecutor.execute(HierarchicalTestExecutor.java:57)
	at org.junit.platform.engine.support.hierarchical.HierarchicalTestEngine.execute(HierarchicalTestEngine.java:51)
	at org.junit.platform.launcher.core.DefaultLauncher.execute(DefaultLauncher.java:248)
	at org.junit.platform.launcher.core.DefaultLauncher.lambda$execute$5(DefaultLauncher.java:211)
	at org.junit.platform.launcher.core.DefaultLauncher.withInterceptedStreams(DefaultLauncher.java:226)
	at org.junit.platform.launcher.core.DefaultLauncher.execute(DefaultLauncher.java:199)
	at org.junit.platform.launcher.core.DefaultLauncher.execute(DefaultLauncher.java:132)
	at org.gradle.api.internal.tasks.testing.junitplatform.JUnitPlatformTestClassProcessor$CollectAllTestClassesExecutor.processAllTestClasses(JUnitPlatformTestClassProcessor.java:99)
	at org.gradle.api.internal.tasks.testing.junitplatform.JUnitPlatformTestClassProcessor$CollectAllTestClassesExecutor.access$000(JUnitPlatformTestClassProcessor.java:79)
	at org.gradle.api.internal.tasks.testing.junitplatform.JUnitPlatformTestClassProcessor.stop(JUnitPlatformTestClassProcessor.java:75)
	at org.gradle.api.internal.tasks.testing.SuiteTestClassProcessor.stop(SuiteTestClassProcessor.java:61)
	at java.base/jdk.internal.reflect.NativeMethodAccessorImpl.invoke0(Native Method)
	at java.base/jdk.internal.reflect.NativeMethodAccessorImpl.invoke(NativeMethodAccessorImpl.java:62)
	at java.base/jdk.internal.reflect.DelegatingMethodAccessorImpl.invoke(DelegatingMethodAccessorImpl.java:43)
	at java.base/java.lang.reflect.Method.invoke(Method.java:566)
	at org.gradle.internal.dispatch.ReflectionDispatch.dispatch(ReflectionDispatch.java:36)
	at org.gradle.internal.dispatch.ReflectionDispatch.dispatch(ReflectionDispatch.java:24)
	at org.gradle.internal.dispatch.ContextClassLoaderDispatch.dispatch(ContextClassLoaderDispatch.java:33)
	at org.gradle.internal.dispatch.ProxyDispatchAdapter$DispatchingInvocationHandler.invoke(ProxyDispatchAdapter.java:94)
	at com.sun.proxy.$Proxy2.stop(Unknown Source)
	at org.gradle.api.internal.tasks.testing.worker.TestWorker.stop(TestWorker.java:133)
	at java.base/jdk.internal.reflect.NativeMethodAccessorImpl.invoke0(Native Method)
	at java.base/jdk.internal.reflect.NativeMethodAccessorImpl.invoke(NativeMethodAccessorImpl.java:62)
	at java.base/jdk.internal.reflect.DelegatingMethodAccessorImpl.invoke(DelegatingMethodAccessorImpl.java:43)
	at java.base/java.lang.reflect.Method.invoke(Method.java:566)
	at org.gradle.internal.dispatch.ReflectionDispatch.dispatch(ReflectionDispatch.java:36)
	at org.gradle.internal.dispatch.ReflectionDispatch.dispatch(ReflectionDispatch.java:24)
	at org.gradle.internal.remote.internal.hub.MessageHubBackedObjectConnection$DispatchWrapper.dispatch(MessageHubBackedObjectConnection.java:182)
	at org.gradle.internal.remote.internal.hub.MessageHubBackedObjectConnection$DispatchWrapper.dispatch(MessageHubBackedObjectConnection.java:164)
	at org.gradle.internal.remote.internal.hub.MessageHub$Handler.run(MessageHub.java:414)
	at org.gradle.internal.concurrent.ExecutorPolicy$CatchAndRecordFailures.onExecute(ExecutorPolicy.java:64)
	at org.gradle.internal.concurrent.ManagedExecutorImpl$1.run(ManagedExecutorImpl.java:48)
	at java.base/java.util.concurrent.ThreadPoolExecutor.runWorker(ThreadPoolExecutor.java:1128)
	at java.base/java.util.concurrent.ThreadPoolExecutor$Worker.run(ThreadPoolExecutor.java:628)
	at org.gradle.internal.concurrent.ThreadFactoryImpl$ManagedThreadRunnable.run(ThreadFactoryImpl.java:56)
	at java.base/java.lang.Thread.run(Thread.java:834)
02:24:26.290 [Test worker] DEBUG io.netty.util.internal.PlatformDependent0 - java.nio.Bits.unaligned: available, true
02:24:26.291 [Test worker] DEBUG io.netty.util.internal.PlatformDependent0 - jdk.internal.misc.Unsafe.allocateUninitializedArray(int): unavailable
java.lang.IllegalAccessException: class io.netty.util.internal.PlatformDependent0$6 cannot access class jdk.internal.misc.Unsafe (in module java.base) because module java.base does not export jdk.internal.misc to unnamed module @22836038
	at java.base/jdk.internal.reflect.Reflection.newIllegalAccessException(Reflection.java:361)
	at java.base/java.lang.reflect.AccessibleObject.checkAccess(AccessibleObject.java:591)
	at java.base/java.lang.reflect.Method.invoke(Method.java:558)
	at io.netty.util.internal.PlatformDependent0$6.run(PlatformDependent0.java:347)
	at java.base/java.security.AccessController.doPrivileged(Native Method)
	at io.netty.util.internal.PlatformDependent0.&lt;clinit&gt;(PlatformDependent0.java:338)
	at io.netty.util.internal.PlatformDependent.isAndroid(PlatformDependent.java:289)
	at io.netty.util.internal.PlatformDependent.&lt;clinit&gt;(PlatformDependent.java:92)
	at io.netty.util.AsciiString.&lt;init&gt;(AsciiString.java:223)
	at io.netty.util.AsciiString.&lt;init&gt;(AsciiString.java:210)
	at io.netty.util.AsciiString.cached(AsciiString.java:1401)
	at io.netty.util.AsciiString.&lt;clinit&gt;(AsciiString.java:48)
	at com.linecorp.armeria.common.HttpStatusClass.&lt;init&gt;(HttpStatusClass.java:103)
	at com.linecorp.armeria.common.HttpStatusClass.&lt;clinit&gt;(HttpStatusClass.java:47)
	at com.linecorp.armeria.common.HttpStatus.&lt;init&gt;(HttpStatus.java:434)
	at com.linecorp.armeria.common.HttpStatus.newConstant(HttpStatus.java:336)
	at com.linecorp.armeria.common.HttpStatus.&lt;clinit&gt;(HttpStatus.java:33)
	at com.linecorp.armeria.server.grpc.FramedGrpcService.lambda$new$0(FramedGrpcService.java:145)
	at java.base/java.util.stream.ReferencePipeline$3$1.accept(ReferencePipeline.java:195)
	at java.base/java.util.Spliterators$ArraySpliterator.forEachRemaining(Spliterators.java:948)
	at java.base/java.util.stream.AbstractPipeline.copyInto(AbstractPipeline.java:484)
	at java.base/java.util.stream.AbstractPipeline.wrapAndCopyInto(AbstractPipeline.java:474)
	at java.base/java.util.stream.ReduceOps$ReduceOp.evaluateSequential(ReduceOps.java:913)
	at java.base/java.util.stream.AbstractPipeline.evaluate(AbstractPipeline.java:234)
	at java.base/java.util.stream.ReferencePipeline.collect(ReferencePipeline.java:578)
	at com.linecorp.armeria.server.grpc.FramedGrpcService.&lt;init&gt;(FramedGrpcService.java:155)
	at com.linecorp.armeria.server.grpc.GrpcServiceBuilder.build(GrpcServiceBuilder.java:584)
	at example.armeria.grpc.Main.newServer(Main.java:47)
	at example.armeria.grpc.HelloServiceTest.beforeClass(HelloServiceTest.java:39)
	at java.base/jdk.internal.reflect.NativeMethodAccessorImpl.invoke0(Native Method)
	at java.base/jdk.internal.reflect.NativeMethodAccessorImpl.invoke(NativeMethodAccessorImpl.java:62)
	at java.base/jdk.internal.reflect.DelegatingMethodAccessorImpl.invoke(DelegatingMethodAccessorImpl.java:43)
	at java.base/java.lang.reflect.Method.invoke(Method.java:566)
	at org.junit.platform.commons.util.ReflectionUtils.invokeMethod(ReflectionUtils.java:686)
	at org.junit.jupiter.engine.execution.MethodInvocation.proceed(MethodInvocation.java:60)
	at org.junit.jupiter.engine.execution.InvocationInterceptorChain$ValidatingInvocation.proceed(InvocationInterceptorChain.java:131)
	at org.junit.jupiter.engine.extension.TimeoutExtension.intercept(TimeoutExtension.java:149)
	at org.junit.jupiter.engine.extension.TimeoutExtension.interceptLifecycleMethod(TimeoutExtension.java:126)
	at org.junit.jupiter.engine.extension.TimeoutExtension.interceptBeforeAllMethod(TimeoutExtension.java:68)
	at org.junit.jupiter.engine.execution.ExecutableInvoker$ReflectiveInterceptorCall.lambda$ofVoidMethod$0(ExecutableInvoker.java:115)
	at org.junit.jupiter.engine.execution.ExecutableInvoker.lambda$invoke$0(ExecutableInvoker.java:105)
	at org.junit.jupiter.engine.execution.InvocationInterceptorChain$InterceptedInvocation.proceed(InvocationInterceptorChain.java:106)
	at org.junit.jupiter.engine.execution.InvocationInterceptorChain.proceed(InvocationInterceptorChain.java:64)
	at org.junit.jupiter.engine.execution.InvocationInterceptorChain.chainAndInvoke(InvocationInterceptorChain.java:45)
	at org.junit.jupiter.engine.execution.InvocationInterceptorChain.invoke(InvocationInterceptorChain.java:37)
	at org.junit.jupiter.engine.execution.ExecutableInvoker.invoke(ExecutableInvoker.java:104)
	at org.junit.jupiter.engine.execution.ExecutableInvoker.invoke(ExecutableInvoker.java:98)
	at org.junit.jupiter.engine.descriptor.ClassBasedTestDescriptor.lambda$invokeBeforeAllMethods$8(ClassBasedTestDescriptor.java:375)
	at org.junit.platform.engine.support.hierarchical.ThrowableCollector.execute(ThrowableCollector.java:73)
	at org.junit.jupiter.engine.descriptor.ClassBasedTestDescriptor.invokeBeforeAllMethods(ClassBasedTestDescriptor.java:373)
	at org.junit.jupiter.engine.descriptor.ClassBasedTestDescriptor.before(ClassBasedTestDescriptor.java:193)
	at org.junit.jupiter.engine.descriptor.ClassBasedTestDescriptor.before(ClassBasedTestDescriptor.java:78)
	at org.junit.platform.engine.support.hierarchical.NodeTestTask.lambda$executeRecursively$5(NodeTestTask.java:132)
	at org.junit.platform.engine.support.hierarchical.ThrowableCollector.execute(ThrowableCollector.java:73)
	at org.junit.platform.engine.support.hierarchical.NodeTestTask.lambda$executeRecursively$7(NodeTestTask.java:125)
	at org.junit.platform.engine.support.hierarchical.Node.around(Node.java:135)
	at org.junit.platform.engine.support.hierarchical.NodeTestTask.lambda$executeRecursively$8(NodeTestTask.java:123)
	at org.junit.platform.engine.support.hierarchical.ThrowableCollector.execute(ThrowableCollector.java:73)
	at org.junit.platform.engine.support.hierarchical.NodeTestTask.executeRecursively(NodeTestTask.java:122)
	at org.junit.platform.engine.support.hierarchical.NodeTestTask.execute(NodeTestTask.java:80)
	at java.base/java.util.ArrayList.forEach(ArrayList.java:1541)
	at org.junit.platform.engine.support.hierarchical.SameThreadHierarchicalTestExecutorService.invokeAll(SameThreadHierarchicalTestExecutorService.java:38)
	at org.junit.platform.engine.support.hierarchical.NodeTestTask.lambda$executeRecursively$5(NodeTestTask.java:139)
	at org.junit.platform.engine.support.hierarchical.ThrowableCollector.execute(ThrowableCollector.java:73)
	at org.junit.platform.engine.support.hierarchical.NodeTestTask.lambda$executeRecursively$7(NodeTestTask.java:125)
	at org.junit.platform.engine.support.hierarchical.Node.around(Node.java:135)
	at org.junit.platform.engine.support.hierarchical.NodeTestTask.lambda$executeRecursively$8(NodeTestTask.java:123)
	at org.junit.platform.engine.support.hierarchical.ThrowableCollector.execute(ThrowableCollector.java:73)
	at org.junit.platform.engine.support.hierarchical.NodeTestTask.executeRecursively(NodeTestTask.java:122)
	at org.junit.platform.engine.support.hierarchical.NodeTestTask.execute(NodeTestTask.java:80)
	at org.junit.platform.engine.support.hierarchical.SameThreadHierarchicalTestExecutorService.submit(SameThreadHierarchicalTestExecutorService.java:32)
	at org.junit.platform.engine.support.hierarchical.HierarchicalTestExecutor.execute(HierarchicalTestExecutor.java:57)
	at org.junit.platform.engine.support.hierarchical.HierarchicalTestEngine.execute(HierarchicalTestEngine.java:51)
	at org.junit.platform.launcher.core.DefaultLauncher.execute(DefaultLauncher.java:248)
	at org.junit.platform.launcher.core.DefaultLauncher.lambda$execute$5(DefaultLauncher.java:211)
	at org.junit.platform.launcher.core.DefaultLauncher.withInterceptedStreams(DefaultLauncher.java:226)
	at org.junit.platform.launcher.core.DefaultLauncher.execute(DefaultLauncher.java:199)
	at org.junit.platform.launcher.core.DefaultLauncher.execute(DefaultLauncher.java:132)
	at org.gradle.api.internal.tasks.testing.junitplatform.JUnitPlatformTestClassProcessor$CollectAllTestClassesExecutor.processAllTestClasses(JUnitPlatformTestClassProcessor.java:99)
	at org.gradle.api.internal.tasks.testing.junitplatform.JUnitPlatformTestClassProcessor$CollectAllTestClassesExecutor.access$000(JUnitPlatformTestClassProcessor.java:79)
	at org.gradle.api.internal.tasks.testing.junitplatform.JUnitPlatformTestClassProcessor.stop(JUnitPlatformTestClassProcessor.java:75)
	at org.gradle.api.internal.tasks.testing.SuiteTestClassProcessor.stop(SuiteTestClassProcessor.java:61)
	at java.base/jdk.internal.reflect.NativeMethodAccessorImpl.invoke0(Native Method)
	at java.base/jdk.internal.reflect.NativeMethodAccessorImpl.invoke(NativeMethodAccessorImpl.java:62)
	at java.base/jdk.internal.reflect.DelegatingMethodAccessorImpl.invoke(DelegatingMethodAccessorImpl.java:43)
	at java.base/java.lang.reflect.Method.invoke(Method.java:566)
	at org.gradle.internal.dispatch.ReflectionDispatch.dispatch(ReflectionDispatch.java:36)
	at org.gradle.internal.dispatch.ReflectionDispatch.dispatch(ReflectionDispatch.java:24)
	at org.gradle.internal.dispatch.ContextClassLoaderDispatch.dispatch(ContextClassLoaderDispatch.java:33)
	at org.gradle.internal.dispatch.ProxyDispatchAdapter$DispatchingInvocationHandler.invoke(ProxyDispatchAdapter.java:94)
	at com.sun.proxy.$Proxy2.stop(Unknown Source)
	at org.gradle.api.internal.tasks.testing.worker.TestWorker.stop(TestWorker.java:133)
	at java.base/jdk.internal.reflect.NativeMethodAccessorImpl.invoke0(Native Method)
	at java.base/jdk.internal.reflect.NativeMethodAccessorImpl.invoke(NativeMethodAccessorImpl.java:62)
	at java.base/jdk.internal.reflect.DelegatingMethodAccessorImpl.invoke(DelegatingMethodAccessorImpl.java:43)
	at java.base/java.lang.reflect.Method.invoke(Method.java:566)
	at org.gradle.internal.dispatch.ReflectionDispatch.dispatch(ReflectionDispatch.java:36)
	at org.gradle.internal.dispatch.ReflectionDispatch.dispatch(ReflectionDispatch.java:24)
	at org.gradle.internal.remote.internal.hub.MessageHubBackedObjectConnection$DispatchWrapper.dispatch(MessageHubBackedObjectConnection.java:182)
	at org.gradle.internal.remote.internal.hub.MessageHubBackedObjectConnection$DispatchWrapper.dispatch(MessageHubBackedObjectConnection.java:164)
	at org.gradle.internal.remote.internal.hub.MessageHub$Handler.run(MessageHub.java:414)
	at org.gradle.internal.concurrent.ExecutorPolicy$CatchAndRecordFailures.onExecute(ExecutorPolicy.java:64)
	at org.gradle.internal.concurrent.ManagedExecutorImpl$1.run(ManagedExecutorImpl.java:48)
	at java.base/java.util.concurrent.ThreadPoolExecutor.runWorker(ThreadPoolExecutor.java:1128)
	at java.base/java.util.concurrent.ThreadPoolExecutor$Worker.run(ThreadPoolExecutor.java:628)
	at org.gradle.internal.concurrent.ThreadFactoryImpl$ManagedThreadRunnable.run(ThreadFactoryImpl.java:56)
	at java.base/java.lang.Thread.run(Thread.java:834)
02:24:26.297 [Test worker] DEBUG io.netty.util.internal.PlatformDependent0 - java.nio.DirectByteBuffer.&lt;init&gt;(long, int): unavailable
02:24:26.297 [Test worker] DEBUG io.netty.util.internal.PlatformDependent - sun.misc.Unsafe: available
02:24:26.307 [Test worker] DEBUG io.netty.util.internal.PlatformDependent - maxDirectMemory: 536870912 bytes (maybe)
02:24:26.307 [Test worker] DEBUG io.netty.util.internal.PlatformDependent - -Dio.netty.tmpdir: /var/folders/70/1t51ddwj3rbdsdck2xlbswj40000gn/T (java.io.tmpdir)
02:24:26.308 [Test worker] DEBUG io.netty.util.internal.PlatformDependent - -Dio.netty.bitMode: 64 (sun.arch.data.model)
02:24:26.309 [Test worker] DEBUG io.netty.util.internal.PlatformDependent - -Dio.netty.maxDirectMemory: -1 bytes
02:24:26.309 [Test worker] DEBUG io.netty.util.internal.PlatformDependent - -Dio.netty.uninitializedArrayAllocationThreshold: -1
02:24:26.310 [Test worker] DEBUG io.netty.util.internal.CleanerJava9 - java.nio.ByteBuffer.cleaner(): available
02:24:26.310 [Test worker] DEBUG io.netty.util.internal.PlatformDependent - -Dio.netty.noPreferDirect: false
02:24:26.326 [Test worker] INFO com.linecorp.armeria.common.Flags - com.linecorp.armeria.verboseExceptions: rate-limit=10 (default)
02:24:26.330 [Test worker] INFO com.linecorp.armeria.common.Flags - com.linecorp.armeria.preferredIpV4Addresses:  (default)
02:24:26.332 [Test worker] INFO com.linecorp.armeria.common.Flags - com.linecorp.armeria.verboseSocketExceptions: false (default)
02:24:26.332 [Test worker] INFO com.linecorp.armeria.common.Flags - com.linecorp.armeria.verboseResponses: false (default)
02:24:26.334 [Test worker] DEBUG com.linecorp.armeria.common.util.SystemInfo - Java version: 11
02:24:26.335 [Test worker] INFO com.linecorp.armeria.common.Flags - com.linecorp.armeria.useEpoll: false (default)
02:24:26.336 [Test worker] INFO com.linecorp.armeria.common.Flags - com.linecorp.armeria.transportType: nio (default)
02:24:26.337 [Test worker] INFO com.linecorp.armeria.common.Flags - com.linecorp.armeria.maxNumConnections: 2147483647 (default)
02:24:26.337 [Test worker] INFO com.linecorp.armeria.common.Flags - com.linecorp.armeria.numCommonWorkers: 8 (default)
02:24:26.338 [Test worker] INFO com.linecorp.armeria.common.Flags - com.linecorp.armeria.numCommonBlockingTaskThreads: 200 (default)
02:24:26.339 [Test worker] INFO com.linecorp.armeria.common.Flags - com.linecorp.armeria.defaultMaxRequestLength: 10485760 (default)
02:24:26.339 [Test worker] INFO com.linecorp.armeria.common.Flags - com.linecorp.armeria.defaultMaxResponseLength: 10485760 (default)
02:24:26.340 [Test worker] INFO com.linecorp.armeria.common.Flags - com.linecorp.armeria.defaultRequestTimeoutMillis: 10000 (default)
02:24:26.340 [Test worker] INFO com.linecorp.armeria.common.Flags - com.linecorp.armeria.defaultResponseTimeoutMillis: 15000 (default)
02:24:26.340 [Test worker] INFO com.linecorp.armeria.common.Flags - com.linecorp.armeria.defaultConnectTimeoutMillis: 3200 (default)
02:24:26.341 [Test worker] INFO com.linecorp.armeria.common.Flags - com.linecorp.armeria.defaultWriteTimeoutMillis: 1000 (default)
02:24:26.341 [Test worker] INFO com.linecorp.armeria.common.Flags - com.linecorp.armeria.defaultServerIdleTimeoutMillis: 15000 (default)
02:24:26.341 [Test worker] INFO com.linecorp.armeria.common.Flags - com.linecorp.armeria.defaultClientIdleTimeoutMillis: 10000 (default)
02:24:26.342 [Test worker] INFO com.linecorp.armeria.common.Flags - com.linecorp.armeria.defaultPingIntervalMillis: 0 (default)
02:24:26.342 [Test worker] INFO com.linecorp.armeria.common.Flags - com.linecorp.armeria.defaultMaxServerConnectionAgeMillis: 0 (default)
02:24:26.342 [Test worker] INFO com.linecorp.armeria.common.Flags - com.linecorp.armeria.defaultHttp2InitialConnectionWindowSize: 1048576 (default)
02:24:26.343 [Test worker] INFO com.linecorp.armeria.common.Flags - com.linecorp.armeria.defaultHttp2InitialStreamWindowSize: 1048576 (default)
02:24:26.343 [Test worker] INFO com.linecorp.armeria.common.Flags - com.linecorp.armeria.defaultHttp2MaxFrameSize: 16384 (default)
02:24:26.343 [Test worker] INFO com.linecorp.armeria.common.Flags - com.linecorp.armeria.defaultHttp2MaxStreamsPerConnection: 2147483647 (default)
02:24:26.344 [Test worker] INFO com.linecorp.armeria.common.Flags - com.linecorp.armeria.defaultHttp2MaxHeaderListSize: 8192 (default)
02:24:26.344 [Test worker] INFO com.linecorp.armeria.common.Flags - com.linecorp.armeria.defaultHttp1MaxInitialLineLength: 4096 (default)
02:24:26.344 [Test worker] INFO com.linecorp.armeria.common.Flags - com.linecorp.armeria.defaultHttp1MaxHeaderSize: 8192 (default)
02:24:26.345 [Test worker] INFO com.linecorp.armeria.common.Flags - com.linecorp.armeria.defaultHttp1MaxChunkSize: 8192 (default)
02:24:26.345 [Test worker] INFO com.linecorp.armeria.common.Flags - com.linecorp.armeria.defaultUseHttp2Preface: true (default)
02:24:26.345 [Test worker] INFO com.linecorp.armeria.common.Flags - com.linecorp.armeria.defaultUseHttp1Pipelining: false (default)
02:24:26.346 [Test worker] INFO com.linecorp.armeria.common.Flags - com.linecorp.armeria.defaultBackoffSpec: exponential=200:10000,jitter=0.2 (default)
02:24:26.346 [Test worker] INFO com.linecorp.armeria.common.Flags - com.linecorp.armeria.defaultMaxTotalAttempts: 10 (default)
02:24:26.347 [Test worker] INFO com.linecorp.armeria.common.Flags - com.linecorp.armeria.routeCache: maximumSize=4096 (default)
02:24:26.347 [Test worker] INFO com.linecorp.armeria.common.Flags - com.linecorp.armeria.routeDecoratorCache: maximumSize=4096 (default)
02:24:26.347 [Test worker] INFO com.linecorp.armeria.common.Flags - com.linecorp.armeria.parsedPathCache: maximumSize=4096 (default)
02:24:26.347 [Test worker] INFO com.linecorp.armeria.common.Flags - com.linecorp.armeria.headerValueCache: maximumSize=4096 (default)
02:24:26.348 [Test worker] INFO com.linecorp.armeria.common.Flags - com.linecorp.armeria.cachedHeaders: :authority,:scheme,:method,accept-encoding,content-type (default)
02:24:26.348 [Test worker] INFO com.linecorp.armeria.common.Flags - com.linecorp.armeria.fileServiceCache: maximumSize=1024 (default)
02:24:26.348 [Test worker] INFO com.linecorp.armeria.common.Flags - com.linecorp.armeria.dnsCacheSpec: maximumSize=4096 (default)
02:24:26.349 [Test worker] INFO com.linecorp.armeria.common.Flags - com.linecorp.armeria.annotatedServiceExceptionVerbosity: unhandled (default)
02:24:26.349 [Test worker] INFO com.linecorp.armeria.common.Flags - com.linecorp.armeria.useJdkDnsResolver: false (default)
02:24:26.349 [Test worker] INFO com.linecorp.armeria.common.Flags - com.linecorp.armeria.reportBlockedEventLoop: true (default)
02:24:26.350 [Test worker] INFO com.linecorp.armeria.common.Flags - com.linecorp.armeria.validateHeaders: true (default)
02:24:26.350 [Test worker] INFO com.linecorp.armeria.common.Flags - com.linecorp.armeria.tlsAllowUnsafeCiphers: false (default)
02:24:26.351 [Test worker] INFO com.linecorp.armeria.common.Flags - com.linecorp.armeria.transientServiceOptions:  (default)
02:24:26.352 [Test worker] INFO com.linecorp.armeria.common.Flags - Using nio
02:24:26.389 [Test worker] DEBUG io.netty.util.internal.InternalThreadLocalMap - -Dio.netty.threadLocalMap.stringBuilder.initialSize: 1024
02:24:26.389 [Test worker] DEBUG io.netty.util.internal.InternalThreadLocalMap - -Dio.netty.threadLocalMap.stringBuilder.maxSize: 4096
02:24:26.395 [Test worker] DEBUG io.netty.channel.MultithreadEventLoopGroup - -Dio.netty.eventLoopThreads: 8
02:24:26.409 [Test worker] DEBUG io.netty.channel.nio.NioEventLoop - -Dio.netty.noKeySetOptimization: false
02:24:26.409 [Test worker] DEBUG io.netty.channel.nio.NioEventLoop - -Dio.netty.selectorAutoRebuildThreshold: 512
02:24:26.415 [Test worker] DEBUG io.netty.util.internal.PlatformDependent - org.jctools-core.MpscChunkedArrayQueue: available
02:24:26.567 [Test worker] INFO com.linecorp.armeria.server.docs.DocStringExtractor - Using com.linecorp.armeria.grpc.descriptorDir: META-INF/armeria/grpc
02:24:26.570 [Test worker] DEBUG com.linecorp.armeria.server.docs.DocService - Available DocServicePlugins: [GrpcDocServicePlugin, AnnotatedDocServicePlugin]
02:24:26.653 [Test worker] INFO com.linecorp.armeria.common.util.SystemInfo - hostname: ehteshams-macbook-pro.local (from 'hostname' command)
02:24:27.080 [Test worker] DEBUG io.netty.util.ResourceLeakDetector - -Dio.netty.leakDetection.level: simple
02:24:27.080 [Test worker] DEBUG io.netty.util.ResourceLeakDetector - -Dio.netty.leakDetection.targetRecords: 4
02:24:27.086 [Test worker] DEBUG io.netty.buffer.AbstractByteBuf - -Dio.netty.buffer.checkAccessible: true
02:24:27.086 [Test worker] DEBUG io.netty.buffer.AbstractByteBuf - -Dio.netty.buffer.checkBounds: true
02:24:27.087 [Test worker] DEBUG io.netty.util.ResourceLeakDetectorFactory - Loaded default ResourceLeakDetector: io.netty.util.ResourceLeakDetector@5dda6f3
02:24:27.098 [Test worker] DEBUG io.netty.buffer.PooledByteBufAllocator - -Dio.netty.allocator.numHeapArenas: 5
02:24:27.099 [Test worker] DEBUG io.netty.buffer.PooledByteBufAllocator - -Dio.netty.allocator.numDirectArenas: 5
02:24:27.099 [Test worker] DEBUG io.netty.buffer.PooledByteBufAllocator - -Dio.netty.allocator.pageSize: 8192
02:24:27.099 [Test worker] DEBUG io.netty.buffer.PooledByteBufAllocator - -Dio.netty.allocator.maxOrder: 11
02:24:27.099 [Test worker] DEBUG io.netty.buffer.PooledByteBufAllocator - -Dio.netty.allocator.chunkSize: 16777216
02:24:27.099 [Test worker] DEBUG io.netty.buffer.PooledByteBufAllocator - -Dio.netty.allocator.tinyCacheSize: 512
02:24:27.099 [Test worker] DEBUG io.netty.buffer.PooledByteBufAllocator - -Dio.netty.allocator.smallCacheSize: 256
02:24:27.099 [Test worker] DEBUG io.netty.buffer.PooledByteBufAllocator - -Dio.netty.allocator.normalCacheSize: 64
02:24:27.099 [Test worker] DEBUG io.netty.buffer.PooledByteBufAllocator - -Dio.netty.allocator.maxCachedBufferCapacity: 32768
02:24:27.099 [Test worker] DEBUG io.netty.buffer.PooledByteBufAllocator - -Dio.netty.allocator.cacheTrimInterval: 8192
02:24:27.099 [Test worker] DEBUG io.netty.buffer.PooledByteBufAllocator - -Dio.netty.allocator.cacheTrimIntervalMillis: 0
02:24:27.099 [Test worker] DEBUG io.netty.buffer.PooledByteBufAllocator - -Dio.netty.allocator.useCacheForAllThreads: true
02:24:27.099 [Test worker] DEBUG io.netty.buffer.PooledByteBufAllocator - -Dio.netty.allocator.maxCachedByteBuffersPerChunk: 1023
02:24:27.107 [Test worker] DEBUG io.netty.buffer.ByteBufUtil - -Dio.netty.allocator.type: pooled
02:24:27.107 [Test worker] DEBUG io.netty.buffer.ByteBufUtil - -Dio.netty.threadLocalDirectBufferSize: 0
02:24:27.107 [Test worker] DEBUG io.netty.buffer.ByteBufUtil - -Dio.netty.maxThreadLocalCharBufferSize: 16384
02:24:27.158 [Test worker] INFO com.linecorp.armeria.common.Flags - com.linecorp.armeria.useOpenSsl: true (default)
02:24:27.164 [Test worker] DEBUG io.netty.util.internal.NativeLibraryLoader - -Dio.netty.native.workdir: /var/folders/70/1t51ddwj3rbdsdck2xlbswj40000gn/T (io.netty.tmpdir)
02:24:27.164 [Test worker] DEBUG io.netty.util.internal.NativeLibraryLoader - -Dio.netty.native.deleteLibAfterLoading: true
02:24:27.164 [Test worker] DEBUG io.netty.util.internal.NativeLibraryLoader - -Dio.netty.native.tryPatchShadedId: true
02:24:27.166 [Test worker] DEBUG io.netty.util.internal.NativeLibraryLoader - Unable to load the library 'netty_tcnative_osx_x86_64', trying other loading mechanism.
java.lang.UnsatisfiedLinkError: no netty_tcnative_osx_x86_64 in java.library.path: [/Users/ishan-pc/Library/Java/Extensions, /Library/Java/Extensions, /Network/Library/Java/Extensions, /System/Library/Java/Extensions, /usr/lib/java, .]
	at java.base/java.lang.ClassLoader.loadLibrary(ClassLoader.java:2670)
	at java.base/java.lang.Runtime.loadLibrary0(Runtime.java:830)
	at java.base/java.lang.System.loadLibrary(System.java:1873)
	at io.netty.util.internal.NativeLibraryUtil.loadLibrary(NativeLibraryUtil.java:38)
	at java.base/jdk.internal.reflect.NativeMethodAccessorImpl.invoke0(Native Method)
	at java.base/jdk.internal.reflect.NativeMethodAccessorImpl.invoke(NativeMethodAccessorImpl.java:62)
	at java.base/jdk.internal.reflect.DelegatingMethodAccessorImpl.invoke(DelegatingMethodAccessorImpl.java:43)
	at java.base/java.lang.reflect.Method.invoke(Method.java:566)
	at io.netty.util.internal.NativeLibraryLoader$1.run(NativeLibraryLoader.java:371)
	at java.base/java.security.AccessController.doPrivileged(Native Method)
	at io.netty.util.internal.NativeLibraryLoader.loadLibraryByHelper(NativeLibraryLoader.java:363)
	at io.netty.util.internal.NativeLibraryLoader.loadLibrary(NativeLibraryLoader.java:341)
	at io.netty.util.internal.NativeLibraryLoader.load(NativeLibraryLoader.java:136)
	at io.netty.util.internal.NativeLibraryLoader.loadFirstAvailable(NativeLibraryLoader.java:96)
	at io.netty.handler.ssl.OpenSsl.loadTcNative(OpenSsl.java:589)
	at io.netty.handler.ssl.OpenSsl.&lt;clinit&gt;(OpenSsl.java:135)
	at com.linecorp.armeria.common.Flags.setUseOpenSslAndDumpOpenSslInfo(Flags.java:600)
	at com.linecorp.armeria.common.Flags.useOpenSsl(Flags.java:588)
	at com.linecorp.armeria.internal.common.util.SslContextUtil.lambda$createSslContext$2(SslContextUtil.java:94)
	at com.linecorp.armeria.internal.common.util.BouncyCastleKeyFactoryProvider.call(BouncyCastleKeyFactoryProvider.java:73)
	at com.linecorp.armeria.internal.common.util.SslContextUtil.createSslContext(SslContextUtil.java:92)
	at com.linecorp.armeria.server.VirtualHostBuilder.buildSslContext(VirtualHostBuilder.java:1000)
	at com.linecorp.armeria.server.VirtualHostBuilder.build(VirtualHostBuilder.java:950)
	at com.linecorp.armeria.server.ServerBuilder.build(ServerBuilder.java:1461)
	at example.armeria.grpc.Main.newServer(Main.java:67)
	at example.armeria.grpc.HelloServiceTest.beforeClass(HelloServiceTest.java:39)
	at java.base/jdk.internal.reflect.NativeMethodAccessorImpl.invoke0(Native Method)
	at java.base/jdk.internal.reflect.NativeMethodAccessorImpl.invoke(NativeMethodAccessorImpl.java:62)
	at java.base/jdk.internal.reflect.DelegatingMethodAccessorImpl.invoke(DelegatingMethodAccessorImpl.java:43)
	at java.base/java.lang.reflect.Method.invoke(Method.java:566)
	at org.junit.platform.commons.util.ReflectionUtils.invokeMethod(ReflectionUtils.java:686)
	at org.junit.jupiter.engine.execution.MethodInvocation.proceed(MethodInvocation.java:60)
	at org.junit.jupiter.engine.execution.InvocationInterceptorChain$ValidatingInvocation.proceed(InvocationInterceptorChain.java:131)
	at org.junit.jupiter.engine.extension.TimeoutExtension.intercept(TimeoutExtension.java:149)
	at org.junit.jupiter.engine.extension.TimeoutExtension.interceptLifecycleMethod(TimeoutExtension.java:126)
	at org.junit.jupiter.engine.extension.TimeoutExtension.interceptBeforeAllMethod(TimeoutExtension.java:68)
	at org.junit.jupiter.engine.execution.ExecutableInvoker$ReflectiveInterceptorCall.lambda$ofVoidMethod$0(ExecutableInvoker.java:115)
	at org.junit.jupiter.engine.execution.ExecutableInvoker.lambda$invoke$0(ExecutableInvoker.java:105)
	at org.junit.jupiter.engine.execution.InvocationInterceptorChain$InterceptedInvocation.proceed(InvocationInterceptorChain.java:106)
	at org.junit.jupiter.engine.execution.InvocationInterceptorChain.proceed(InvocationInterceptorChain.java:64)
	at org.junit.jupiter.engine.execution.InvocationInterceptorChain.chainAndInvoke(InvocationInterceptorChain.java:45)
	at org.junit.jupiter.engine.execution.InvocationInterceptorChain.invoke(InvocationInterceptorChain.java:37)
	at org.junit.jupiter.engine.execution.ExecutableInvoker.invoke(ExecutableInvoker.java:104)
	at org.junit.jupiter.engine.execution.ExecutableInvoker.invoke(ExecutableInvoker.java:98)
	at org.junit.jupiter.engine.descriptor.ClassBasedTestDescriptor.lambda$invokeBeforeAllMethods$8(ClassBasedTestDescriptor.java:375)
	at org.junit.platform.engine.support.hierarchical.ThrowableCollector.execute(ThrowableCollector.java:73)
	at org.junit.jupiter.engine.descriptor.ClassBasedTestDescriptor.invokeBeforeAllMethods(ClassBasedTestDescriptor.java:373)
	at org.junit.jupiter.engine.descriptor.ClassBasedTestDescriptor.before(ClassBasedTestDescriptor.java:193)
	at org.junit.jupiter.engine.descriptor.ClassBasedTestDescriptor.before(ClassBasedTestDescriptor.java:78)
	at org.junit.platform.engine.support.hierarchical.NodeTestTask.lambda$executeRecursively$5(NodeTestTask.java:132)
	at org.junit.platform.engine.support.hierarchical.ThrowableCollector.execute(ThrowableCollector.java:73)
	at org.junit.platform.engine.support.hierarchical.NodeTestTask.lambda$executeRecursively$7(NodeTestTask.java:125)
	at org.junit.platform.engine.support.hierarchical.Node.around(Node.java:135)
	at org.junit.platform.engine.support.hierarchical.NodeTestTask.lambda$executeRecursively$8(NodeTestTask.java:123)
	at org.junit.platform.engine.support.hierarchical.ThrowableCollector.execute(ThrowableCollector.java:73)
	at org.junit.platform.engine.support.hierarchical.NodeTestTask.executeRecursively(NodeTestTask.java:122)
	at org.junit.platform.engine.support.hierarchical.NodeTestTask.execute(NodeTestTask.java:80)
	at java.base/java.util.ArrayList.forEach(ArrayList.java:1541)
	at org.junit.platform.engine.support.hierarchical.SameThreadHierarchicalTestExecutorService.invokeAll(SameThreadHierarchicalTestExecutorService.java:38)
	at org.junit.platform.engine.support.hierarchical.NodeTestTask.lambda$executeRecursively$5(NodeTestTask.java:139)
	at org.junit.platform.engine.support.hierarchical.ThrowableCollector.execute(ThrowableCollector.java:73)
	at org.junit.platform.engine.support.hierarchical.NodeTestTask.lambda$executeRecursively$7(NodeTestTask.java:125)
	at org.junit.platform.engine.support.hierarchical.Node.around(Node.java:135)
	at org.junit.platform.engine.support.hierarchical.NodeTestTask.lambda$executeRecursively$8(NodeTestTask.java:123)
	at org.junit.platform.engine.support.hierarchical.ThrowableCollector.execute(ThrowableCollector.java:73)
	at org.junit.platform.engine.support.hierarchical.NodeTestTask.executeRecursively(NodeTestTask.java:122)
	at org.junit.platform.engine.support.hierarchical.NodeTestTask.execute(NodeTestTask.java:80)
	at org.junit.platform.engine.support.hierarchical.SameThreadHierarchicalTestExecutorService.submit(SameThreadHierarchicalTestExecutorService.java:32)
	at org.junit.platform.engine.support.hierarchical.HierarchicalTestExecutor.execute(HierarchicalTestExecutor.java:57)
	at org.junit.platform.engine.support.hierarchical.HierarchicalTestEngine.execute(HierarchicalTestEngine.java:51)
	at org.junit.platform.launcher.core.DefaultLauncher.execute(DefaultLauncher.java:248)
	at org.junit.platform.launcher.core.DefaultLauncher.lambda$execute$5(DefaultLauncher.java:211)
	at org.junit.platform.launcher.core.DefaultLauncher.withInterceptedStreams(DefaultLauncher.java:226)
	at org.junit.platform.launcher.core.DefaultLauncher.execute(DefaultLauncher.java:199)
	at org.junit.platform.launcher.core.DefaultLauncher.execute(DefaultLauncher.java:132)
	at org.gradle.api.internal.tasks.testing.junitplatform.JUnitPlatformTestClassProcessor$CollectAllTestClassesExecutor.processAllTestClasses(JUnitPlatformTestClassProcessor.java:99)
	at org.gradle.api.internal.tasks.testing.junitplatform.JUnitPlatformTestClassProcessor$CollectAllTestClassesExecutor.access$000(JUnitPlatformTestClassProcessor.java:79)
	at org.gradle.api.internal.tasks.testing.junitplatform.JUnitPlatformTestClassProcessor.stop(JUnitPlatformTestClassProcessor.java:75)
	at org.gradle.api.internal.tasks.testing.SuiteTestClassProcessor.stop(SuiteTestClassProcessor.java:61)
	at java.base/jdk.internal.reflect.NativeMethodAccessorImpl.invoke0(Native Method)
	at java.base/jdk.internal.reflect.NativeMethodAccessorImpl.invoke(NativeMethodAccessorImpl.java:62)
	at java.base/jdk.internal.reflect.DelegatingMethodAccessorImpl.invoke(DelegatingMethodAccessorImpl.java:43)
	at java.base/java.lang.reflect.Method.invoke(Method.java:566)
	at org.gradle.internal.dispatch.ReflectionDispatch.dispatch(ReflectionDispatch.java:36)
	at org.gradle.internal.dispatch.ReflectionDispatch.dispatch(ReflectionDispatch.java:24)
	at org.gradle.internal.dispatch.ContextClassLoaderDispatch.dispatch(ContextClassLoaderDispatch.java:33)
	at org.gradle.internal.dispatch.ProxyDispatchAdapter$DispatchingInvocationHandler.invoke(ProxyDispatchAdapter.java:94)
	at com.sun.proxy.$Proxy2.stop(Unknown Source)
	at org.gradle.api.internal.tasks.testing.worker.TestWorker.stop(TestWorker.java:133)
	at java.base/jdk.internal.reflect.NativeMethodAccessorImpl.invoke0(Native Method)
	at java.base/jdk.internal.reflect.NativeMethodAccessorImpl.invoke(NativeMethodAccessorImpl.java:62)
	at java.base/jdk.internal.reflect.DelegatingMethodAccessorImpl.invoke(DelegatingMethodAccessorImpl.java:43)
	at java.base/java.lang.reflect.Method.invoke(Method.java:566)
	at org.gradle.internal.dispatch.ReflectionDispatch.dispatch(ReflectionDispatch.java:36)
	at org.gradle.internal.dispatch.ReflectionDispatch.dispatch(ReflectionDispatch.java:24)
	at org.gradle.internal.remote.internal.hub.MessageHubBackedObjectConnection$DispatchWrapper.dispatch(MessageHubBackedObjectConnection.java:182)
	at org.gradle.internal.remote.internal.hub.MessageHubBackedObjectConnection$DispatchWrapper.dispatch(MessageHubBackedObjectConnection.java:164)
	at org.gradle.internal.remote.internal.hub.MessageHub$Handler.run(MessageHub.java:414)
	at org.gradle.internal.concurrent.ExecutorPolicy$CatchAndRecordFailures.onExecute(ExecutorPolicy.java:64)
	at org.gradle.internal.concurrent.ManagedExecutorImpl$1.run(ManagedExecutorImpl.java:48)
	at java.base/java.util.concurrent.ThreadPoolExecutor.runWorker(ThreadPoolExecutor.java:1128)
	at java.base/java.util.concurrent.ThreadPoolExecutor$Worker.run(ThreadPoolExecutor.java:628)
	at org.gradle.internal.concurrent.ThreadFactoryImpl$ManagedThreadRunnable.run(ThreadFactoryImpl.java:56)
	at java.base/java.lang.Thread.run(Thread.java:834)
02:24:27.169 [Test worker] DEBUG io.netty.util.internal.NativeLibraryLoader - netty_tcnative_osx_x86_64 cannot be loaded from java.library.path, now trying export to -Dio.netty.native.workdir: /var/folders/70/1t51ddwj3rbdsdck2xlbswj40000gn/T
java.lang.UnsatisfiedLinkError: no netty_tcnative_osx_x86_64 in java.library.path: [/Users/ishan-pc/Library/Java/Extensions, /Library/Java/Extensions, /Network/Library/Java/Extensions, /System/Library/Java/Extensions, /usr/lib/java, .]
	at java.base/java.lang.ClassLoader.loadLibrary(ClassLoader.java:2670)
	at java.base/java.lang.Runtime.loadLibrary0(Runtime.java:830)
	at java.base/java.lang.System.loadLibrary(System.java:1873)
	at io.netty.util.internal.NativeLibraryUtil.loadLibrary(NativeLibraryUtil.java:38)
	at io.netty.util.internal.NativeLibraryLoader.loadLibrary(NativeLibraryLoader.java:351)
	at io.netty.util.internal.NativeLibraryLoader.load(NativeLibraryLoader.java:136)
	at io.netty.util.internal.NativeLibraryLoader.loadFirstAvailable(NativeLibraryLoader.java:96)
	at io.netty.handler.ssl.OpenSsl.loadTcNative(OpenSsl.java:589)
	at io.netty.handler.ssl.OpenSsl.&lt;clinit&gt;(OpenSsl.java:135)
	at com.linecorp.armeria.common.Flags.setUseOpenSslAndDumpOpenSslInfo(Flags.java:600)
	at com.linecorp.armeria.common.Flags.useOpenSsl(Flags.java:588)
	at com.linecorp.armeria.internal.common.util.SslContextUtil.lambda$createSslContext$2(SslContextUtil.java:94)
	at com.linecorp.armeria.internal.common.util.BouncyCastleKeyFactoryProvider.call(BouncyCastleKeyFactoryProvider.java:73)
	at com.linecorp.armeria.internal.common.util.SslContextUtil.createSslContext(SslContextUtil.java:92)
	at com.linecorp.armeria.server.VirtualHostBuilder.buildSslContext(VirtualHostBuilder.java:1000)
	at com.linecorp.armeria.server.VirtualHostBuilder.build(VirtualHostBuilder.java:950)
	at com.linecorp.armeria.server.ServerBuilder.build(ServerBuilder.java:1461)
	at example.armeria.grpc.Main.newServer(Main.java:67)
	at example.armeria.grpc.HelloServiceTest.beforeClass(HelloServiceTest.java:39)
	at java.base/jdk.internal.reflect.NativeMethodAccessorImpl.invoke0(Native Method)
	at java.base/jdk.internal.reflect.NativeMethodAccessorImpl.invoke(NativeMethodAccessorImpl.java:62)
	at java.base/jdk.internal.reflect.DelegatingMethodAccessorImpl.invoke(DelegatingMethodAccessorImpl.java:43)
	at java.base/java.lang.reflect.Method.invoke(Method.java:566)
	at org.junit.platform.commons.util.ReflectionUtils.invokeMethod(ReflectionUtils.java:686)
	at org.junit.jupiter.engine.execution.MethodInvocation.proceed(MethodInvocation.java:60)
	at org.junit.jupiter.engine.execution.InvocationInterceptorChain$ValidatingInvocation.proceed(InvocationInterceptorChain.java:131)
	at org.junit.jupiter.engine.extension.TimeoutExtension.intercept(TimeoutExtension.java:149)
	at org.junit.jupiter.engine.extension.TimeoutExtension.interceptLifecycleMethod(TimeoutExtension.java:126)
	at org.junit.jupiter.engine.extension.TimeoutExtension.interceptBeforeAllMethod(TimeoutExtension.java:68)
	at org.junit.jupiter.engine.execution.ExecutableInvoker$ReflectiveInterceptorCall.lambda$ofVoidMethod$0(ExecutableInvoker.java:115)
	at org.junit.jupiter.engine.execution.ExecutableInvoker.lambda$invoke$0(ExecutableInvoker.java:105)
	at org.junit.jupiter.engine.execution.InvocationInterceptorChain$InterceptedInvocation.proceed(InvocationInterceptorChain.java:106)
	at org.junit.jupiter.engine.execution.InvocationInterceptorChain.proceed(InvocationInterceptorChain.java:64)
	at org.junit.jupiter.engine.execution.InvocationInterceptorChain.chainAndInvoke(InvocationInterceptorChain.java:45)
	at org.junit.jupiter.engine.execution.InvocationInterceptorChain.invoke(InvocationInterceptorChain.java:37)
	at org.junit.jupiter.engine.execution.ExecutableInvoker.invoke(ExecutableInvoker.java:104)
	at org.junit.jupiter.engine.execution.ExecutableInvoker.invoke(ExecutableInvoker.java:98)
	at org.junit.jupiter.engine.descriptor.ClassBasedTestDescriptor.lambda$invokeBeforeAllMethods$8(ClassBasedTestDescriptor.java:375)
	at org.junit.platform.engine.support.hierarchical.ThrowableCollector.execute(ThrowableCollector.java:73)
	at org.junit.jupiter.engine.descriptor.ClassBasedTestDescriptor.invokeBeforeAllMethods(ClassBasedTestDescriptor.java:373)
	at org.junit.jupiter.engine.descriptor.ClassBasedTestDescriptor.before(ClassBasedTestDescriptor.java:193)
	at org.junit.jupiter.engine.descriptor.ClassBasedTestDescriptor.before(ClassBasedTestDescriptor.java:78)
	at org.junit.platform.engine.support.hierarchical.NodeTestTask.lambda$executeRecursively$5(NodeTestTask.java:132)
	at org.junit.platform.engine.support.hierarchical.ThrowableCollector.execute(ThrowableCollector.java:73)
	at org.junit.platform.engine.support.hierarchical.NodeTestTask.lambda$executeRecursively$7(NodeTestTask.java:125)
	at org.junit.platform.engine.support.hierarchical.Node.around(Node.java:135)
	at org.junit.platform.engine.support.hierarchical.NodeTestTask.lambda$executeRecursively$8(NodeTestTask.java:123)
	at org.junit.platform.engine.support.hierarchical.ThrowableCollector.execute(ThrowableCollector.java:73)
	at org.junit.platform.engine.support.hierarchical.NodeTestTask.executeRecursively(NodeTestTask.java:122)
	at org.junit.platform.engine.support.hierarchical.NodeTestTask.execute(NodeTestTask.java:80)
	at java.base/java.util.ArrayList.forEach(ArrayList.java:1541)
	at org.junit.platform.engine.support.hierarchical.SameThreadHierarchicalTestExecutorService.invokeAll(SameThreadHierarchicalTestExecutorService.java:38)
	at org.junit.platform.engine.support.hierarchical.NodeTestTask.lambda$executeRecursively$5(NodeTestTask.java:139)
	at org.junit.platform.engine.support.hierarchical.ThrowableCollector.execute(ThrowableCollector.java:73)
	at org.junit.platform.engine.support.hierarchical.NodeTestTask.lambda$executeRecursively$7(NodeTestTask.java:125)
	at org.junit.platform.engine.support.hierarchical.Node.around(Node.java:135)
	at org.junit.platform.engine.support.hierarchical.NodeTestTask.lambda$executeRecursively$8(NodeTestTask.java:123)
	at org.junit.platform.engine.support.hierarchical.ThrowableCollector.execute(ThrowableCollector.java:73)
	at org.junit.platform.engine.support.hierarchical.NodeTestTask.executeRecursively(NodeTestTask.java:122)
	at org.junit.platform.engine.support.hierarchical.NodeTestTask.execute(NodeTestTask.java:80)
	at org.junit.platform.engine.support.hierarchical.SameThreadHierarchicalTestExecutorService.submit(SameThreadHierarchicalTestExecutorService.java:32)
	at org.junit.platform.engine.support.hierarchical.HierarchicalTestExecutor.execute(HierarchicalTestExecutor.java:57)
	at org.junit.platform.engine.support.hierarchical.HierarchicalTestEngine.execute(HierarchicalTestEngine.java:51)
	at org.junit.platform.launcher.core.DefaultLauncher.execute(DefaultLauncher.java:248)
	at org.junit.platform.launcher.core.DefaultLauncher.lambda$execute$5(DefaultLauncher.java:211)
	at org.junit.platform.launcher.core.DefaultLauncher.withInterceptedStreams(DefaultLauncher.java:226)
	at org.junit.platform.launcher.core.DefaultLauncher.execute(DefaultLauncher.java:199)
	at org.junit.platform.launcher.core.DefaultLauncher.execute(DefaultLauncher.java:132)
	at org.gradle.api.internal.tasks.testing.junitplatform.JUnitPlatformTestClassProcessor$CollectAllTestClassesExecutor.processAllTestClasses(JUnitPlatformTestClassProcessor.java:99)
	at org.gradle.api.internal.tasks.testing.junitplatform.JUnitPlatformTestClassProcessor$CollectAllTestClassesExecutor.access$000(JUnitPlatformTestClassProcessor.java:79)
	at org.gradle.api.internal.tasks.testing.junitplatform.JUnitPlatformTestClassProcessor.stop(JUnitPlatformTestClassProcessor.java:75)
	at org.gradle.api.internal.tasks.testing.SuiteTestClassProcessor.stop(SuiteTestClassProcessor.java:61)
	at java.base/jdk.internal.reflect.NativeMethodAccessorImpl.invoke0(Native Method)
	at java.base/jdk.internal.reflect.NativeMethodAccessorImpl.invoke(NativeMethodAccessorImpl.java:62)
	at java.base/jdk.internal.reflect.DelegatingMethodAccessorImpl.invoke(DelegatingMethodAccessorImpl.java:43)
	at java.base/java.lang.reflect.Method.invoke(Method.java:566)
	at org.gradle.internal.dispatch.ReflectionDispatch.dispatch(ReflectionDispatch.java:36)
	at org.gradle.internal.dispatch.ReflectionDispatch.dispatch(ReflectionDispatch.java:24)
	at org.gradle.internal.dispatch.ContextClassLoaderDispatch.dispatch(ContextClassLoaderDispatch.java:33)
	at org.gradle.internal.dispatch.ProxyDispatchAdapter$DispatchingInvocationHandler.invoke(ProxyDispatchAdapter.java:94)
	at com.sun.proxy.$Proxy2.stop(Unknown Source)
	at org.gradle.api.internal.tasks.testing.worker.TestWorker.stop(TestWorker.java:133)
	at java.base/jdk.internal.reflect.NativeMethodAccessorImpl.invoke0(Native Method)
	at java.base/jdk.internal.reflect.NativeMethodAccessorImpl.invoke(NativeMethodAccessorImpl.java:62)
	at java.base/jdk.internal.reflect.DelegatingMethodAccessorImpl.invoke(DelegatingMethodAccessorImpl.java:43)
	at java.base/java.lang.reflect.Method.invoke(Method.java:566)
	at org.gradle.internal.dispatch.ReflectionDispatch.dispatch(ReflectionDispatch.java:36)
	at org.gradle.internal.dispatch.ReflectionDispatch.dispatch(ReflectionDispatch.java:24)
	at org.gradle.internal.remote.internal.hub.MessageHubBackedObjectConnection$DispatchWrapper.dispatch(MessageHubBackedObjectConnection.java:182)
	at org.gradle.internal.remote.internal.hub.MessageHubBackedObjectConnection$DispatchWrapper.dispatch(MessageHubBackedObjectConnection.java:164)
	at org.gradle.internal.remote.internal.hub.MessageHub$Handler.run(MessageHub.java:414)
	at org.gradle.internal.concurrent.ExecutorPolicy$CatchAndRecordFailures.onExecute(ExecutorPolicy.java:64)
	at org.gradle.internal.concurrent.ManagedExecutorImpl$1.run(ManagedExecutorImpl.java:48)
	at java.base/java.util.concurrent.ThreadPoolExecutor.runWorker(ThreadPoolExecutor.java:1128)
	at java.base/java.util.concurrent.ThreadPoolExecutor$Worker.run(ThreadPoolExecutor.java:628)
	at org.gradle.internal.concurrent.ThreadFactoryImpl$ManagedThreadRunnable.run(ThreadFactoryImpl.java:56)
	at java.base/java.lang.Thread.run(Thread.java:834)
	Suppressed: java.lang.UnsatisfiedLinkError: no netty_tcnative_osx_x86_64 in java.library.path: [/Users/ishan-pc/Library/Java/Extensions, /Library/Java/Extensions, /Network/Library/Java/Extensions, /System/Library/Java/Extensions, /usr/lib/java, .]
		at java.base/java.lang.ClassLoader.loadLibrary(ClassLoader.java:2670)
		at java.base/java.lang.Runtime.loadLibrary0(Runtime.java:830)
		at java.base/java.lang.System.loadLibrary(System.java:1873)
		at io.netty.util.internal.NativeLibraryUtil.loadLibrary(NativeLibraryUtil.java:38)
		at java.base/jdk.internal.reflect.NativeMethodAccessorImpl.invoke0(Native Method)
		at java.base/jdk.internal.reflect.NativeMethodAccessorImpl.invoke(NativeMethodAccessorImpl.java:62)
		at java.base/jdk.internal.reflect.DelegatingMethodAccessorImpl.invoke(DelegatingMethodAccessorImpl.java:43)
		at java.base/java.lang.reflect.Method.invoke(Method.java:566)
		at io.netty.util.internal.NativeLibraryLoader$1.run(NativeLibraryLoader.java:371)
		at java.base/java.security.AccessController.doPrivileged(Native Method)
		at io.netty.util.internal.NativeLibraryLoader.loadLibraryByHelper(NativeLibraryLoader.java:363)
		at io.netty.util.internal.NativeLibraryLoader.loadLibrary(NativeLibraryLoader.java:341)
		... 92 common frames omitted
02:24:27.459 [Test worker] DEBUG io.netty.util.internal.NativeLibraryLoader - Successfully loaded the library /var/folders/70/1t51ddwj3rbdsdck2xlbswj40000gn/T/libnetty_tcnative_osx_x86_6415987294611542180751.dylib
02:24:27.460 [Test worker] DEBUG io.netty.handler.ssl.OpenSsl - Initialize netty-tcnative using engine: 'default'
02:24:27.461 [Test worker] DEBUG io.netty.handler.ssl.OpenSsl - netty-tcnative using native library: BoringSSL
02:24:27.473 [Test worker] DEBUG io.netty.util.ResourceLeakDetectorFactory - Loaded default ResourceLeakDetector: io.netty.util.ResourceLeakDetector@7d2e0639
02:24:27.478 [Test worker] DEBUG io.netty.util.Recycler - -Dio.netty.recycler.maxCapacityPerThread: 4096
02:24:27.478 [Test worker] DEBUG io.netty.util.Recycler - -Dio.netty.recycler.maxSharedCapacityFactor: 2
02:24:27.478 [Test worker] DEBUG io.netty.util.Recycler - -Dio.netty.recycler.linkCapacity: 16
02:24:27.478 [Test worker] DEBUG io.netty.util.Recycler - -Dio.netty.recycler.ratio: 8
02:24:27.478 [Test worker] DEBUG io.netty.util.Recycler - -Dio.netty.recycler.delayedQueue.ratio: 8
02:24:27.494 [Test worker] DEBUG io.netty.handler.ssl.CipherSuiteConverter - Cipher suite mapping: TLS_ECDHE_ECDSA_WITH_AES_128_GCM_SHA256 =&gt; ECDHE-ECDSA-AES128-GCM-SHA256
02:24:27.494 [Test worker] DEBUG io.netty.handler.ssl.CipherSuiteConverter - Cipher suite mapping: SSL_ECDHE_ECDSA_WITH_AES_128_GCM_SHA256 =&gt; ECDHE-ECDSA-AES128-GCM-SHA256
02:24:27.494 [Test worker] DEBUG io.netty.handler.ssl.CipherSuiteConverter - Cipher suite mapping: TLS_ECDHE_RSA_WITH_AES_128_GCM_SHA256 =&gt; ECDHE-RSA-AES128-GCM-SHA256
02:24:27.495 [Test worker] DEBUG io.netty.handler.ssl.CipherSuiteConverter - Cipher suite mapping: SSL_ECDHE_RSA_WITH_AES_128_GCM_SHA256 =&gt; ECDHE-RSA-AES128-GCM-SHA256
02:24:27.495 [Test worker] DEBUG io.netty.handler.ssl.CipherSuiteConverter - Cipher suite mapping: TLS_ECDHE_ECDSA_WITH_AES_256_GCM_SHA384 =&gt; ECDHE-ECDSA-AES256-GCM-SHA384
02:24:27.495 [Test worker] DEBUG io.netty.handler.ssl.CipherSuiteConverter - Cipher suite mapping: SSL_ECDHE_ECDSA_WITH_AES_256_GCM_SHA384 =&gt; ECDHE-ECDSA-AES256-GCM-SHA384
02:24:27.495 [Test worker] DEBUG io.netty.handler.ssl.CipherSuiteConverter - Cipher suite mapping: TLS_ECDHE_RSA_WITH_AES_256_GCM_SHA384 =&gt; ECDHE-RSA-AES256-GCM-SHA384
02:24:27.495 [Test worker] DEBUG io.netty.handler.ssl.CipherSuiteConverter - Cipher suite mapping: SSL_ECDHE_RSA_WITH_AES_256_GCM_SHA384 =&gt; ECDHE-RSA-AES256-GCM-SHA384
02:24:27.495 [Test worker] DEBUG io.netty.handler.ssl.CipherSuiteConverter - Cipher suite mapping: TLS_ECDHE_ECDSA_WITH_CHACHA20_POLY1305_SHA256 =&gt; ECDHE-ECDSA-CHACHA20-POLY1305
02:24:27.495 [Test worker] DEBUG io.netty.handler.ssl.CipherSuiteConverter - Cipher suite mapping: SSL_ECDHE_ECDSA_WITH_CHACHA20_POLY1305_SHA256 =&gt; ECDHE-ECDSA-CHACHA20-POLY1305
02:24:27.496 [Test worker] DEBUG io.netty.handler.ssl.CipherSuiteConverter - Cipher suite mapping: TLS_ECDHE_RSA_WITH_CHACHA20_POLY1305_SHA256 =&gt; ECDHE-RSA-CHACHA20-POLY1305
02:24:27.496 [Test worker] DEBUG io.netty.handler.ssl.CipherSuiteConverter - Cipher suite mapping: SSL_ECDHE_RSA_WITH_CHACHA20_POLY1305_SHA256 =&gt; ECDHE-RSA-CHACHA20-POLY1305
02:24:27.496 [Test worker] DEBUG io.netty.handler.ssl.CipherSuiteConverter - Cipher suite mapping: TLS_ECDHE_PSK_WITH_CHACHA20_POLY1305_SHA256 =&gt; ECDHE-PSK-CHACHA20-POLY1305
02:24:27.496 [Test worker] DEBUG io.netty.handler.ssl.CipherSuiteConverter - Cipher suite mapping: SSL_ECDHE_PSK_WITH_CHACHA20_POLY1305_SHA256 =&gt; ECDHE-PSK-CHACHA20-POLY1305
02:24:27.496 [Test worker] DEBUG io.netty.handler.ssl.CipherSuiteConverter - Cipher suite mapping: TLS_ECDHE_ECDSA_WITH_AES_128_CBC_SHA =&gt; ECDHE-ECDSA-AES128-SHA
02:24:27.496 [Test worker] DEBUG io.netty.handler.ssl.CipherSuiteConverter - Cipher suite mapping: SSL_ECDHE_ECDSA_WITH_AES_128_CBC_SHA =&gt; ECDHE-ECDSA-AES128-SHA
02:24:27.496 [Test worker] DEBUG io.netty.handler.ssl.CipherSuiteConverter - Cipher suite mapping: TLS_ECDHE_RSA_WITH_AES_128_CBC_SHA =&gt; ECDHE-RSA-AES128-SHA
02:24:27.496 [Test worker] DEBUG io.netty.handler.ssl.CipherSuiteConverter - Cipher suite mapping: SSL_ECDHE_RSA_WITH_AES_128_CBC_SHA =&gt; ECDHE-RSA-AES128-SHA
02:24:27.497 [Test worker] DEBUG io.netty.handler.ssl.CipherSuiteConverter - Cipher suite mapping: TLS_ECDHE_PSK_WITH_AES_128_CBC_SHA =&gt; ECDHE-PSK-AES128-CBC-SHA
02:24:27.497 [Test worker] DEBUG io.netty.handler.ssl.CipherSuiteConverter - Cipher suite mapping: SSL_ECDHE_PSK_WITH_AES_128_CBC_SHA =&gt; ECDHE-PSK-AES128-CBC-SHA
02:24:27.497 [Test worker] DEBUG io.netty.handler.ssl.CipherSuiteConverter - Cipher suite mapping: TLS_ECDHE_ECDSA_WITH_AES_256_CBC_SHA =&gt; ECDHE-ECDSA-AES256-SHA
02:24:27.497 [Test worker] DEBUG io.netty.handler.ssl.CipherSuiteConverter - Cipher suite mapping: SSL_ECDHE_ECDSA_WITH_AES_256_CBC_SHA =&gt; ECDHE-ECDSA-AES256-SHA
02:24:27.497 [Test worker] DEBUG io.netty.handler.ssl.CipherSuiteConverter - Cipher suite mapping: TLS_ECDHE_RSA_WITH_AES_256_CBC_SHA =&gt; ECDHE-RSA-AES256-SHA
02:24:27.497 [Test worker] DEBUG io.netty.handler.ssl.CipherSuiteConverter - Cipher suite mapping: SSL_ECDHE_RSA_WITH_AES_256_CBC_SHA =&gt; ECDHE-RSA-AES256-SHA
02:24:27.497 [Test worker] DEBUG io.netty.handler.ssl.CipherSuiteConverter - Cipher suite mapping: TLS_ECDHE_PSK_WITH_AES_256_CBC_SHA =&gt; ECDHE-PSK-AES256-CBC-SHA
02:24:27.497 [Test worker] DEBUG io.netty.handler.ssl.CipherSuiteConverter - Cipher suite mapping: SSL_ECDHE_PSK_WITH_AES_256_CBC_SHA =&gt; ECDHE-PSK-AES256-CBC-SHA
02:24:27.498 [Test worker] DEBUG io.netty.handler.ssl.CipherSuiteConverter - Cipher suite mapping: TLS_RSA_WITH_AES_128_GCM_SHA256 =&gt; AES128-GCM-SHA256
02:24:27.498 [Test worker] DEBUG io.netty.handler.ssl.CipherSuiteConverter - Cipher suite mapping: SSL_RSA_WITH_AES_128_GCM_SHA256 =&gt; AES128-GCM-SHA256
02:24:27.498 [Test worker] DEBUG io.netty.handler.ssl.CipherSuiteConverter - Cipher suite mapping: TLS_RSA_WITH_AES_256_GCM_SHA384 =&gt; AES256-GCM-SHA384
02:24:27.498 [Test worker] DEBUG io.netty.handler.ssl.CipherSuiteConverter - Cipher suite mapping: SSL_RSA_WITH_AES_256_GCM_SHA384 =&gt; AES256-GCM-SHA384
02:24:27.498 [Test worker] DEBUG io.netty.handler.ssl.CipherSuiteConverter - Cipher suite mapping: TLS_RSA_WITH_AES_128_CBC_SHA =&gt; AES128-SHA
02:24:27.498 [Test worker] DEBUG io.netty.handler.ssl.CipherSuiteConverter - Cipher suite mapping: SSL_RSA_WITH_AES_128_CBC_SHA =&gt; AES128-SHA
02:24:27.498 [Test worker] DEBUG io.netty.handler.ssl.CipherSuiteConverter - Cipher suite mapping: TLS_PSK_WITH_AES_128_CBC_SHA =&gt; PSK-AES128-CBC-SHA
02:24:27.498 [Test worker] DEBUG io.netty.handler.ssl.CipherSuiteConverter - Cipher suite mapping: SSL_PSK_WITH_AES_128_CBC_SHA =&gt; PSK-AES128-CBC-SHA
02:24:27.499 [Test worker] DEBUG io.netty.handler.ssl.CipherSuiteConverter - Cipher suite mapping: TLS_RSA_WITH_AES_256_CBC_SHA =&gt; AES256-SHA
02:24:27.499 [Test worker] DEBUG io.netty.handler.ssl.CipherSuiteConverter - Cipher suite mapping: SSL_RSA_WITH_AES_256_CBC_SHA =&gt; AES256-SHA
02:24:27.499 [Test worker] DEBUG io.netty.handler.ssl.CipherSuiteConverter - Cipher suite mapping: TLS_PSK_WITH_AES_256_CBC_SHA =&gt; PSK-AES256-CBC-SHA
02:24:27.499 [Test worker] DEBUG io.netty.handler.ssl.CipherSuiteConverter - Cipher suite mapping: SSL_PSK_WITH_AES_256_CBC_SHA =&gt; PSK-AES256-CBC-SHA
02:24:27.499 [Test worker] DEBUG io.netty.handler.ssl.CipherSuiteConverter - Cipher suite mapping: TLS_RSA_WITH_3DES_EDE_CBC_SHA =&gt; DES-CBC3-SHA
02:24:27.499 [Test worker] DEBUG io.netty.handler.ssl.CipherSuiteConverter - Cipher suite mapping: SSL_RSA_WITH_3DES_EDE_CBC_SHA =&gt; DES-CBC3-SHA
02:24:27.499 [Test worker] DEBUG io.netty.handler.ssl.OpenSsl - Supported protocols (OpenSSL): [SSLv2Hello, TLSv1, TLSv1.1, TLSv1.2, TLSv1.3] 
02:24:27.499 [Test worker] DEBUG io.netty.handler.ssl.OpenSsl - Default cipher suites (OpenSSL): [TLS_ECDHE_ECDSA_WITH_AES_256_GCM_SHA384, TLS_ECDHE_ECDSA_WITH_AES_128_GCM_SHA256, TLS_ECDHE_RSA_WITH_AES_128_GCM_SHA256, TLS_ECDHE_RSA_WITH_AES_256_GCM_SHA384, TLS_ECDHE_RSA_WITH_AES_128_CBC_SHA, TLS_ECDHE_RSA_WITH_AES_256_CBC_SHA, TLS_RSA_WITH_AES_128_GCM_SHA256, TLS_RSA_WITH_AES_128_CBC_SHA, TLS_RSA_WITH_AES_256_CBC_SHA, TLS_AES_128_GCM_SHA256, TLS_AES_256_GCM_SHA384, TLS_AES_128_GCM_SHA256, TLS_AES_256_GCM_SHA384]
02:24:27.499 [Test worker] INFO com.linecorp.armeria.common.Flags - Using OpenSSL: BoringSSL, 0x1010007f
02:24:27.499 [Test worker] INFO com.linecorp.armeria.common.Flags - com.linecorp.armeria.dumpOpenSslInfo: false (default)
02:24:27.734 [Test worker] DEBUG io.netty.util.ResourceLeakDetectorFactory - Loaded default ResourceLeakDetector: io.netty.util.ResourceLeakDetector@56e7e7fb
02:24:27.859 [Test worker] DEBUG io.netty.util.ResourceLeakDetectorFactory - Loaded default ResourceLeakDetector: io.netty.util.ResourceLeakDetector@231505eb
02:24:28.017 [Test worker] DEBUG com.linecorp.armeria.server.Routers - Router created for 9 service(s): TrieRouter
02:24:28.017 [Test worker] DEBUG com.linecorp.armeria.server.Routers - patternString: /example.grpc.hello.HelloService/Hello, complexity: 0
02:24:28.017 [Test worker] DEBUG com.linecorp.armeria.server.Routers - patternString: /example.grpc.hello.HelloService/LotsOfGreetings, complexity: 0
02:24:28.017 [Test worker] DEBUG com.linecorp.armeria.server.Routers - patternString: /example.grpc.hello.HelloService/LotsOfReplies, complexity: 0
02:24:28.018 [Test worker] DEBUG com.linecorp.armeria.server.Routers - patternString: /example.grpc.hello.HelloService/BlockingHello, complexity: 0
02:24:28.018 [Test worker] DEBUG com.linecorp.armeria.server.Routers - patternString: /grpc.reflection.v1alpha.ServerReflection/ServerReflectionInfo, complexity: 0
02:24:28.018 [Test worker] DEBUG com.linecorp.armeria.server.Routers - patternString: /example.grpc.hello.HelloService/BidiHello, complexity: 0
02:24:28.018 [Test worker] DEBUG com.linecorp.armeria.server.Routers - patternString: /example.grpc.hello.HelloService/LazyHello, complexity: 0
02:24:28.018 [Test worker] DEBUG com.linecorp.armeria.server.Routers - patternString: /prefix/*, complexity: 0
02:24:28.018 [Test worker] DEBUG com.linecorp.armeria.server.Routers - patternString: /docs/*, complexity: 0
02:24:28.128 [globalEventExecutor-3-1] DEBUG com.linecorp.armeria.internal.shaded.reflections.Reflections - going to scan these urls:
jar:file:/Users/ishan-pc/.gradle/caches/modules-2/files-2.1/com.linecorp.armeria/armeria-grpc/1.3.0/8ba3b50b5d7186bbab3d6331a3d11742ea8713e8/armeria-grpc-1.3.0.jar!/
02:24:28.134 [globalEventExecutor-3-1] INFO com.linecorp.armeria.internal.shaded.reflections.Reflections - Reflections took 5 ms to scan 1 urls, producing 1 keys and 1 values 
02:24:28.488 [globalEventExecutor-3-1] DEBUG io.netty.channel.DefaultChannelId - -Dio.netty.processId: 2409 (auto-detected)
02:24:28.492 [globalEventExecutor-3-1] DEBUG io.netty.util.NetUtil - -Djava.net.preferIPv4Stack: false
02:24:28.492 [globalEventExecutor-3-1] DEBUG io.netty.util.NetUtil - -Djava.net.preferIPv6Addresses: false
02:24:28.498 [globalEventExecutor-3-1] DEBUG io.netty.util.NetUtil - Loopback interface: lo0 (lo0, 0:0:0:0:0:0:0:1%lo0)
02:24:28.499 [globalEventExecutor-3-1] DEBUG io.netty.util.NetUtil - Failed to get SOMAXCONN from sysctl and file /proc/sys/net/core/somaxconn. Default: 128
02:24:28.501 [globalEventExecutor-3-1] DEBUG io.netty.channel.DefaultChannelId - -Dio.netty.machineId: dc:a9:04:ff:fe:92:b1:d5 (auto-detected)
02:24:28.529 [armeria-boss-http-*:50535] INFO com.linecorp.armeria.server.Server - Serving HTTP at /0:0:0:0:0:0:0:0:50535 - http://127.0.0.1:50535/
02:24:28.532 [armeria-boss-https-*:50536] INFO com.linecorp.armeria.server.Server - Serving HTTPS at /0:0:0:0:0:0:0:0:50536 - https://127.0.0.1:50536/
02:24:28.541 [Test worker] DEBUG io.netty.util.ResourceLeakDetectorFactory - Loaded default ResourceLeakDetector: io.netty.util.ResourceLeakDetector@3d006439
02:24:28.642 [Test worker] INFO com.linecorp.armeria.internal.common.JavaVersionSpecific - Using the APIs optimized for: Java 9+
02:24:28.803 [armeria-common-worker-nio-2-2] DEBUG com.linecorp.armeria.server.HttpServerHandler - [id: 0x9616454f, L:/127.0.0.1:50535 - R:/127.0.0.1:50537] HTTP/2 settings: {ENABLE_PUSH=0, INITIAL_WINDOW_SIZE=1048576, MAX_HEADER_LIST_SIZE=8192}
02:24:28.935 [armeria-common-worker-nio-2-2] DEBUG reactor.util.Loggers$LoggerFactory - Using Slf4j logging framework
02:24:45.432 [armeria-common-worker-nio-2-2] DEBUG com.linecorp.armeria.internal.common.Http2GoAwayHandler - [id: 0x9616454f, L:/127.0.0.1:50535 - R:/127.0.0.1:50537] Sent a GOAWAY frame: lastStreamId=13, errorCode=NO_ERROR(0)
02:24:45.435 [armeria-common-worker-nio-2-1] DEBUG com.linecorp.armeria.internal.common.Http2GoAwayHandler - [id: 0x47a4fc5b, L:/127.0.0.1:50537 - R:127.0.0.1/127.0.0.1:50535] Received a GOAWAY frame: lastStreamId=13, errorCode=NO_ERROR(0)
02:24:45.435 [armeria-common-worker-nio-2-1] DEBUG com.linecorp.armeria.internal.common.Http2GoAwayHandler - [id: 0x47a4fc5b, L:/127.0.0.1:50537 - R:127.0.0.1/127.0.0.1:50535] Sent a GOAWAY frame: lastStreamId=0, errorCode=NO_ERROR(0)
</pre>
</span>
</div>
</div>
<div id="footer">
<p>
<div>
<label class="hidden" id="label-for-line-wrapping-toggle" for="line-wrapping-toggle">Wrap lines
<input id="line-wrapping-toggle" type="checkbox" autocomplete="off"/>
</label>
</div>Generated by 
<a href="http://www.gradle.org">Gradle 6.7.1</a> at Jan. 24, 2021, 2:24:47 a.m.</p>
</div>
</div>
</body>
</html>
